time=2026-01-03T19:01:44.712-08:00 level=INFO msg="Daemon started (interval: %v, auto-commit: %v, auto-push: %v)" !BADKEY=5s !BADKEY=false !BADKEY=false
time=2026-01-03T19:01:44.713-08:00 level=INFO msg="using database" path=/Users/willem/Development/reviewbuddy/.beads/beads.db
time=2026-01-03T19:01:44.719-08:00 level=INFO msg="database opened" path=/Users/willem/Development/reviewbuddy/.beads/beads.db freshness_checking=true
time=2026-01-03T19:01:44.719-08:00 level=INFO msg="upgrading .beads/.gitignore"
time=2026-01-03T19:01:44.719-08:00 level=WARN msg="failed to upgrade .gitignore" error="open .beads/.gitignore: no such file or directory"
time=2026-01-03T19:01:44.742-08:00 level=INFO msg="Repository fingerprint validated: %s" !BADKEY=2ac9428a
time=2026-01-03T19:01:44.742-08:00 level=INFO msg="starting RPC server" socket=/Users/willem/Development/reviewbuddy/.beads/bd.sock
time=2026-01-03T19:01:44.742-08:00 level=INFO msg="RPC server ready (socket listening)"
time=2026-01-03T19:01:44.748-08:00 level=INFO msg="registered in global registry"
time=2026-01-03T19:01:44.748-08:00 level=INFO msg="Starting %s..." !BADKEY="sync cycle"
time=2026-01-03T19:01:44.749-08:00 level=INFO msg="Exported to JSONL"
time=2026-01-03T19:01:44.801-08:00 level=INFO msg="Imported from JSONL"
time=2026-01-03T19:01:44.820-08:00 level=INFO msg="Sync cycle complete"
time=2026-01-03T19:01:44.820-08:00 level=INFO msg="monitoring parent process" pid=0
time=2026-01-03T19:01:44.820-08:00 level=INFO msg="using event-driven mode"
time=2026-01-03T19:01:44.821-08:00 level=INFO msg="Auto-pull disabled: use 'git pull' manually to sync remote changes"
time=2026-01-03T19:01:44.879-08:00 level=INFO msg="Mutation detected: %s %s" create=reviewbuddy-b2v
time=2026-01-03T19:01:45.381-08:00 level=INFO msg="Export triggered by mutation events"
time=2026-01-03T19:01:45.381-08:00 level=INFO msg="Starting %s..." !BADKEY=export
time=2026-01-03T19:01:45.388-08:00 level=INFO msg="Exported to JSONL"
time=2026-01-03T19:01:45.388-08:00 level=INFO msg="JSONL removed/renamed, re-establishing watch"
time=2026-01-03T19:01:45.389-08:00 level=INFO msg="Export complete"
time=2026-01-03T19:01:45.440-08:00 level=INFO msg="Successfully re-established JSONL watch after %v" !BADKEY=50ms
time=2026-01-03T19:01:45.441-08:00 level=INFO msg="JSONL file created: %s" !BADKEY=/Users/willem/Development/reviewbuddy/.beads/issues.jsonl
time=2026-01-03T19:01:46.442-08:00 level=INFO msg="Import triggered by file change"
time=2026-01-03T19:01:46.443-08:00 level=INFO msg="Starting %s..." !BADKEY=auto-import
time=2026-01-03T19:01:46.445-08:00 level=INFO msg="Skipping %s: JSONL content unchanged" !BADKEY=auto-import
time=2026-01-03T19:01:53.884-08:00 level=INFO msg="Mutation detected: %s %s" create=reviewbuddy-xl6
time=2026-01-03T19:01:54.385-08:00 level=INFO msg="Export triggered by mutation events"
time=2026-01-03T19:01:54.386-08:00 level=INFO msg="Starting %s..." !BADKEY=export
time=2026-01-03T19:01:54.396-08:00 level=INFO msg="Exported to JSONL"
time=2026-01-03T19:01:54.397-08:00 level=INFO msg="JSONL removed/renamed, re-establishing watch"
time=2026-01-03T19:01:54.397-08:00 level=INFO msg="Export complete"
time=2026-01-03T19:01:54.448-08:00 level=INFO msg="Successfully re-established JSONL watch after %v" !BADKEY=50ms
time=2026-01-03T19:01:54.448-08:00 level=INFO msg="JSONL file created: %s" !BADKEY=/Users/willem/Development/reviewbuddy/.beads/issues.jsonl
time=2026-01-03T19:01:55.449-08:00 level=INFO msg="Import triggered by file change"
time=2026-01-03T19:01:55.451-08:00 level=INFO msg="Starting %s..." !BADKEY=auto-import
time=2026-01-03T19:01:55.454-08:00 level=INFO msg="Skipping %s: JSONL content unchanged" !BADKEY=auto-import
time=2026-01-03T19:02:02.819-08:00 level=INFO msg="Mutation detected: %s %s" create=reviewbuddy-rxf
time=2026-01-03T19:02:03.319-08:00 level=INFO msg="Export triggered by mutation events"
time=2026-01-03T19:02:03.320-08:00 level=INFO msg="Starting %s..." !BADKEY=export
time=2026-01-03T19:02:03.330-08:00 level=INFO msg="Exported to JSONL"
time=2026-01-03T19:02:03.330-08:00 level=INFO msg="JSONL removed/renamed, re-establishing watch"
time=2026-01-03T19:02:03.331-08:00 level=INFO msg="Export complete"
time=2026-01-03T19:02:03.382-08:00 level=INFO msg="Successfully re-established JSONL watch after %v" !BADKEY=50ms
time=2026-01-03T19:02:03.383-08:00 level=INFO msg="JSONL file created: %s" !BADKEY=/Users/willem/Development/reviewbuddy/.beads/issues.jsonl
time=2026-01-03T19:02:04.386-08:00 level=INFO msg="Import triggered by file change"
time=2026-01-03T19:02:04.388-08:00 level=INFO msg="Starting %s..." !BADKEY=auto-import
time=2026-01-03T19:02:04.389-08:00 level=INFO msg="Skipping %s: JSONL content unchanged" !BADKEY=auto-import
time=2026-01-03T19:02:21.409-08:00 level=INFO msg="Mutation detected: %s %s" update=reviewbuddy-b2v
time=2026-01-03T19:02:21.910-08:00 level=INFO msg="Export triggered by mutation events"
time=2026-01-03T19:02:21.911-08:00 level=INFO msg="Starting %s..." !BADKEY=export
time=2026-01-03T19:02:21.917-08:00 level=INFO msg="Exported to JSONL"
time=2026-01-03T19:02:21.917-08:00 level=INFO msg="JSONL removed/renamed, re-establishing watch"
time=2026-01-03T19:02:21.918-08:00 level=INFO msg="Export complete"
time=2026-01-03T19:02:21.969-08:00 level=INFO msg="Successfully re-established JSONL watch after %v" !BADKEY=50ms
time=2026-01-03T19:02:21.969-08:00 level=INFO msg="JSONL file created: %s" !BADKEY=/Users/willem/Development/reviewbuddy/.beads/issues.jsonl
time=2026-01-03T19:02:22.972-08:00 level=INFO msg="Import triggered by file change"
time=2026-01-03T19:02:22.973-08:00 level=INFO msg="Starting %s..." !BADKEY=auto-import
time=2026-01-03T19:02:22.975-08:00 level=INFO msg="Skipping %s: JSONL content unchanged" !BADKEY=auto-import
time=2026-01-03T19:02:53.386-08:00 level=INFO msg="Mutation detected: %s %s" update=""
time=2026-01-03T19:02:53.888-08:00 level=INFO msg="Export triggered by mutation events"
time=2026-01-03T19:02:53.888-08:00 level=INFO msg="Starting %s..." !BADKEY=export
time=2026-01-03T19:02:53.893-08:00 level=INFO msg="Exported to JSONL"
time=2026-01-03T19:02:53.893-08:00 level=INFO msg="JSONL removed/renamed, re-establishing watch"
time=2026-01-03T19:02:53.893-08:00 level=INFO msg="Export complete"
time=2026-01-03T19:02:53.945-08:00 level=INFO msg="Successfully re-established JSONL watch after %v" !BADKEY=50ms
time=2026-01-03T19:02:53.945-08:00 level=INFO msg="JSONL file created: %s" !BADKEY=/Users/willem/Development/reviewbuddy/.beads/issues.jsonl
time=2026-01-03T19:02:54.947-08:00 level=INFO msg="Import triggered by file change"
time=2026-01-03T19:02:54.948-08:00 level=INFO msg="Starting %s..." !BADKEY=auto-import
time=2026-01-03T19:02:54.950-08:00 level=INFO msg="Skipping %s: JSONL content unchanged" !BADKEY=auto-import
time=2026-01-03T19:03:02.190-08:00 level=INFO msg="Mutation detected: %s %s" update=reviewbuddy-xl6
time=2026-01-03T19:03:02.691-08:00 level=INFO msg="Export triggered by mutation events"
time=2026-01-03T19:03:02.692-08:00 level=INFO msg="Starting %s..." !BADKEY=export
time=2026-01-03T19:03:02.699-08:00 level=INFO msg="Exported to JSONL"
time=2026-01-03T19:03:02.699-08:00 level=INFO msg="JSONL removed/renamed, re-establishing watch"
time=2026-01-03T19:03:02.699-08:00 level=INFO msg="Export complete"
time=2026-01-03T19:03:02.753-08:00 level=INFO msg="Successfully re-established JSONL watch after %v" !BADKEY=50ms
time=2026-01-03T19:03:02.754-08:00 level=INFO msg="JSONL file created: %s" !BADKEY=/Users/willem/Development/reviewbuddy/.beads/issues.jsonl
time=2026-01-03T19:03:03.755-08:00 level=INFO msg="Import triggered by file change"
time=2026-01-03T19:03:03.757-08:00 level=INFO msg="Starting %s..." !BADKEY=auto-import
time=2026-01-03T19:03:03.759-08:00 level=INFO msg="Skipping %s: JSONL content unchanged" !BADKEY=auto-import
time=2026-01-03T19:03:11.948-08:00 level=INFO msg="Mutation detected: %s %s" update=reviewbuddy-rxf
time=2026-01-03T19:03:12.449-08:00 level=INFO msg="Export triggered by mutation events"
time=2026-01-03T19:03:12.450-08:00 level=INFO msg="Starting %s..." !BADKEY=export
time=2026-01-03T19:03:12.457-08:00 level=INFO msg="Exported to JSONL"
time=2026-01-03T19:03:12.457-08:00 level=INFO msg="JSONL removed/renamed, re-establishing watch"
time=2026-01-03T19:03:12.458-08:00 level=INFO msg="Export complete"
time=2026-01-03T19:03:12.508-08:00 level=INFO msg="Successfully re-established JSONL watch after %v" !BADKEY=50ms
time=2026-01-03T19:03:12.508-08:00 level=INFO msg="JSONL file created: %s" !BADKEY=/Users/willem/Development/reviewbuddy/.beads/issues.jsonl
time=2026-01-03T19:03:13.510-08:00 level=INFO msg="Import triggered by file change"
time=2026-01-03T19:03:13.511-08:00 level=INFO msg="Starting %s..." !BADKEY=auto-import
time=2026-01-03T19:03:13.513-08:00 level=INFO msg="Skipping %s: JSONL content unchanged" !BADKEY=auto-import
time=2026-01-03T19:03:22.134-08:00 level=INFO msg="Mutation detected: %s %s" status=reviewbuddy-b2v
time=2026-01-03T19:03:22.635-08:00 level=INFO msg="Export triggered by mutation events"
time=2026-01-03T19:03:22.636-08:00 level=INFO msg="Starting %s..." !BADKEY=export
time=2026-01-03T19:03:22.642-08:00 level=INFO msg="Exported to JSONL"
time=2026-01-03T19:03:22.642-08:00 level=INFO msg="JSONL removed/renamed, re-establishing watch"
time=2026-01-03T19:03:22.643-08:00 level=INFO msg="Export complete"
time=2026-01-03T19:03:22.695-08:00 level=INFO msg="Successfully re-established JSONL watch after %v" !BADKEY=50ms
time=2026-01-03T19:03:22.695-08:00 level=INFO msg="JSONL file created: %s" !BADKEY=/Users/willem/Development/reviewbuddy/.beads/issues.jsonl
time=2026-01-03T19:03:23.697-08:00 level=INFO msg="Import triggered by file change"
time=2026-01-03T19:03:23.698-08:00 level=INFO msg="Starting %s..." !BADKEY=auto-import
time=2026-01-03T19:03:23.699-08:00 level=INFO msg="Skipping %s: JSONL content unchanged" !BADKEY=auto-import
time=2026-01-03T19:21:42.475-08:00 level=INFO msg="Mutation detected: %s %s" status=reviewbuddy-xl6
time=2026-01-03T19:21:42.977-08:00 level=INFO msg="Export triggered by mutation events"
time=2026-01-03T19:21:42.978-08:00 level=INFO msg="Starting %s..." !BADKEY=export
time=2026-01-03T19:21:42.984-08:00 level=INFO msg="Exported to JSONL"
time=2026-01-03T19:21:42.984-08:00 level=INFO msg="JSONL removed/renamed, re-establishing watch"
time=2026-01-03T19:21:42.984-08:00 level=INFO msg="Export complete"
time=2026-01-03T19:21:43.036-08:00 level=INFO msg="Successfully re-established JSONL watch after %v" !BADKEY=50ms
time=2026-01-03T19:21:43.036-08:00 level=INFO msg="JSONL file created: %s" !BADKEY=/Users/willem/Development/reviewbuddy/.beads/issues.jsonl
time=2026-01-03T19:21:44.039-08:00 level=INFO msg="Import triggered by file change"
time=2026-01-03T19:21:44.040-08:00 level=INFO msg="Starting %s..." !BADKEY=auto-import
time=2026-01-03T19:21:44.041-08:00 level=INFO msg="Skipping %s: JSONL content unchanged" !BADKEY=auto-import
time=2026-01-03T19:21:50.765-08:00 level=INFO msg="Mutation detected: %s %s" status=reviewbuddy-rxf
time=2026-01-03T19:21:51.267-08:00 level=INFO msg="Export triggered by mutation events"
time=2026-01-03T19:21:51.267-08:00 level=INFO msg="Starting %s..." !BADKEY=export
time=2026-01-03T19:21:51.270-08:00 level=INFO msg="Exported to JSONL"
time=2026-01-03T19:21:51.271-08:00 level=INFO msg="JSONL removed/renamed, re-establishing watch"
time=2026-01-03T19:21:51.271-08:00 level=INFO msg="Export complete"
time=2026-01-03T19:21:51.323-08:00 level=INFO msg="Successfully re-established JSONL watch after %v" !BADKEY=50ms
time=2026-01-03T19:21:51.323-08:00 level=INFO msg="JSONL file created: %s" !BADKEY=/Users/willem/Development/reviewbuddy/.beads/issues.jsonl
time=2026-01-03T19:21:52.325-08:00 level=INFO msg="Import triggered by file change"
time=2026-01-03T19:21:52.326-08:00 level=INFO msg="Starting %s..." !BADKEY=auto-import
time=2026-01-03T19:21:52.328-08:00 level=INFO msg="Skipping %s: JSONL content unchanged" !BADKEY=auto-import
time=2026-01-03T19:22:00.895-08:00 level=INFO msg="Mutation detected: %s %s" status=reviewbuddy-b2v
time=2026-01-03T19:22:01.397-08:00 level=INFO msg="Export triggered by mutation events"
time=2026-01-03T19:22:01.397-08:00 level=INFO msg="Starting %s..." !BADKEY=export
time=2026-01-03T19:22:01.404-08:00 level=INFO msg="Exported to JSONL"
time=2026-01-03T19:22:01.404-08:00 level=INFO msg="JSONL removed/renamed, re-establishing watch"
time=2026-01-03T19:22:01.405-08:00 level=INFO msg="Export complete"
time=2026-01-03T19:22:01.458-08:00 level=INFO msg="Successfully re-established JSONL watch after %v" !BADKEY=50ms
time=2026-01-03T19:22:01.458-08:00 level=INFO msg="JSONL file created: %s" !BADKEY=/Users/willem/Development/reviewbuddy/.beads/issues.jsonl
time=2026-01-03T19:22:02.460-08:00 level=INFO msg="Import triggered by file change"
time=2026-01-03T19:22:02.461-08:00 level=INFO msg="Starting %s..." !BADKEY=auto-import
time=2026-01-03T19:22:02.462-08:00 level=INFO msg="Skipping %s: JSONL content unchanged" !BADKEY=auto-import
time=2026-01-03T19:22:09.099-08:00 level=INFO msg="Mutation detected: %s %s" status=reviewbuddy-xl6
time=2026-01-03T19:22:09.601-08:00 level=INFO msg="Export triggered by mutation events"
time=2026-01-03T19:22:09.601-08:00 level=INFO msg="Starting %s..." !BADKEY=export
time=2026-01-03T19:22:09.607-08:00 level=INFO msg="Exported to JSONL"
time=2026-01-03T19:22:09.608-08:00 level=INFO msg="JSONL removed/renamed, re-establishing watch"
time=2026-01-03T19:22:09.608-08:00 level=INFO msg="Export complete"
time=2026-01-03T19:22:09.660-08:00 level=INFO msg="Successfully re-established JSONL watch after %v" !BADKEY=50ms
time=2026-01-03T19:22:09.660-08:00 level=INFO msg="JSONL file created: %s" !BADKEY=/Users/willem/Development/reviewbuddy/.beads/issues.jsonl
time=2026-01-03T19:22:10.661-08:00 level=INFO msg="Import triggered by file change"
time=2026-01-03T19:22:10.665-08:00 level=INFO msg="Starting %s..." !BADKEY=auto-import
time=2026-01-03T19:22:10.666-08:00 level=INFO msg="Skipping %s: JSONL content unchanged" !BADKEY=auto-import
time=2026-01-03T19:22:19.862-08:00 level=INFO msg="Mutation detected: %s %s" status=reviewbuddy-rxf
time=2026-01-03T19:22:20.362-08:00 level=INFO msg="Export triggered by mutation events"
time=2026-01-03T19:22:20.363-08:00 level=INFO msg="Starting %s..." !BADKEY=export
time=2026-01-03T19:22:20.369-08:00 level=INFO msg="Exported to JSONL"
time=2026-01-03T19:22:20.369-08:00 level=INFO msg="JSONL removed/renamed, re-establishing watch"
time=2026-01-03T19:22:20.369-08:00 level=INFO msg="Export complete"
time=2026-01-03T19:22:20.421-08:00 level=INFO msg="Successfully re-established JSONL watch after %v" !BADKEY=50ms
time=2026-01-03T19:22:20.422-08:00 level=INFO msg="JSONL file created: %s" !BADKEY=/Users/willem/Development/reviewbuddy/.beads/issues.jsonl
time=2026-01-03T19:22:21.422-08:00 level=INFO msg="Import triggered by file change"
time=2026-01-03T19:22:21.424-08:00 level=INFO msg="Starting %s..." !BADKEY=auto-import
time=2026-01-03T19:22:21.425-08:00 level=INFO msg="Skipping %s: JSONL content unchanged" !BADKEY=auto-import
time=2026-01-14T11:18:31.301-08:00 level=INFO msg="Received signal %v, shutting down..." !BADKEY=terminated
time=2026-01-17T12:05:00.808-08:00 level=INFO msg="Daemon started (interval: %v, auto-commit: %v, auto-push: %v)" !BADKEY=5s !BADKEY=false !BADKEY=false
time=2026-01-17T12:05:00.808-08:00 level=INFO msg="using database" path=/Users/willem/Development/reviewbuddy/.beads/beads.db
time=2026-01-17T12:05:00.815-08:00 level=INFO msg="database opened" path=/Users/willem/Development/reviewbuddy/.beads/beads.db freshness_checking=true
time=2026-01-17T12:05:00.815-08:00 level=INFO msg="upgrading .beads/.gitignore"
time=2026-01-17T12:05:00.815-08:00 level=WARN msg="failed to upgrade .gitignore" error="open .beads/.gitignore: no such file or directory"
time=2026-01-17T12:05:00.835-08:00 level=INFO msg="Repository fingerprint validated: %s" !BADKEY=2ac9428a
time=2026-01-17T12:05:00.835-08:00 level=INFO msg="starting RPC server" socket=/Users/willem/Development/reviewbuddy/.beads/bd.sock
time=2026-01-17T12:05:00.836-08:00 level=INFO msg="RPC server ready (socket listening)"
time=2026-01-17T12:05:00.844-08:00 level=INFO msg="registered in global registry"
time=2026-01-17T12:05:00.844-08:00 level=INFO msg="Starting %s..." !BADKEY="sync cycle"
time=2026-01-17T12:05:00.847-08:00 level=INFO msg="Exported to JSONL"
time=2026-01-17T12:05:00.894-08:00 level=INFO msg="Imported from JSONL"
time=2026-01-17T12:05:00.913-08:00 level=INFO msg="Sync cycle complete"
time=2026-01-17T12:05:00.913-08:00 level=INFO msg="monitoring parent process" pid=0
time=2026-01-17T12:05:00.913-08:00 level=INFO msg="using event-driven mode"
time=2026-01-17T12:05:00.914-08:00 level=INFO msg="Auto-pull disabled: use 'git pull' manually to sync remote changes"
time=2026-01-17T12:05:03.506-08:00 level=INFO msg="Mutation detected: %s %s" create=reviewbuddy-692
time=2026-01-17T12:05:04.007-08:00 level=INFO msg="Export triggered by mutation events"
time=2026-01-17T12:05:04.007-08:00 level=INFO msg="Starting %s..." !BADKEY=export
time=2026-01-17T12:05:04.009-08:00 level=INFO msg="Exported to JSONL"
time=2026-01-17T12:05:04.009-08:00 level=INFO msg="Export complete"
time=2026-01-17T12:05:04.009-08:00 level=INFO msg="JSONL removed/renamed, re-establishing watch"
time=2026-01-17T12:05:04.060-08:00 level=INFO msg="Successfully re-established JSONL watch after %v" !BADKEY=50ms
time=2026-01-17T12:05:04.061-08:00 level=INFO msg="JSONL file created: %s" !BADKEY=/Users/willem/Development/reviewbuddy/.beads/issues.jsonl
time=2026-01-17T12:05:05.063-08:00 level=INFO msg="Import triggered by file change"
time=2026-01-17T12:05:05.063-08:00 level=INFO msg="Starting %s..." !BADKEY=auto-import
time=2026-01-17T12:05:05.063-08:00 level=INFO msg="Skipping %s: JSONL content unchanged" !BADKEY=auto-import
time=2026-01-17T12:05:06.238-08:00 level=INFO msg="Mutation detected: %s %s" status=reviewbuddy-692
time=2026-01-17T12:05:06.739-08:00 level=INFO msg="Export triggered by mutation events"
time=2026-01-17T12:05:06.740-08:00 level=INFO msg="Starting %s..." !BADKEY=export
time=2026-01-17T12:05:06.741-08:00 level=INFO msg="Exported to JSONL"
time=2026-01-17T12:05:06.741-08:00 level=INFO msg="JSONL removed/renamed, re-establishing watch"
time=2026-01-17T12:05:06.741-08:00 level=INFO msg="Export complete"
time=2026-01-17T12:05:06.792-08:00 level=INFO msg="Successfully re-established JSONL watch after %v" !BADKEY=50ms
time=2026-01-17T12:05:06.792-08:00 level=INFO msg="JSONL file created: %s" !BADKEY=/Users/willem/Development/reviewbuddy/.beads/issues.jsonl
time=2026-01-17T12:05:07.794-08:00 level=INFO msg="Import triggered by file change"
time=2026-01-17T12:05:07.794-08:00 level=INFO msg="Starting %s..." !BADKEY=auto-import
time=2026-01-17T12:05:07.794-08:00 level=INFO msg="Skipping %s: JSONL content unchanged" !BADKEY=auto-import
time=2026-01-17T12:09:43.043-08:00 level=INFO msg="JSONL removed/renamed, re-establishing watch"
time=2026-01-17T12:09:43.094-08:00 level=INFO msg="Successfully re-established JSONL watch after %v" !BADKEY=50ms
time=2026-01-17T12:09:43.094-08:00 level=INFO msg="JSONL file created: %s" !BADKEY=/Users/willem/Development/reviewbuddy/.beads/issues.jsonl
time=2026-01-17T12:09:44.096-08:00 level=INFO msg="Import triggered by file change"
time=2026-01-17T12:09:44.096-08:00 level=INFO msg="Starting %s..." !BADKEY=auto-import
time=2026-01-17T12:09:44.097-08:00 level=INFO msg="Skipping %s: JSONL content unchanged" !BADKEY=auto-import
time=2026-01-17T12:10:28.545-08:00 level=INFO msg="JSONL removed/renamed, re-establishing watch"
time=2026-01-17T12:10:28.596-08:00 level=INFO msg="Successfully re-established JSONL watch after %v" !BADKEY=50ms
time=2026-01-17T12:10:28.596-08:00 level=INFO msg="JSONL file created: %s" !BADKEY=/Users/willem/Development/reviewbuddy/.beads/issues.jsonl
time=2026-01-17T12:10:29.599-08:00 level=INFO msg="Import triggered by file change"
time=2026-01-17T12:10:29.599-08:00 level=INFO msg="Starting %s..." !BADKEY=auto-import
time=2026-01-17T12:10:29.599-08:00 level=INFO msg="Skipping %s: JSONL content unchanged" !BADKEY=auto-import
time=2026-01-17T12:10:34.366-08:00 level=INFO msg="JSONL removed/renamed, re-establishing watch"
time=2026-01-17T12:10:34.417-08:00 level=INFO msg="Successfully re-established JSONL watch after %v" !BADKEY=50ms
time=2026-01-17T12:10:34.418-08:00 level=INFO msg="JSONL file created: %s" !BADKEY=/Users/willem/Development/reviewbuddy/.beads/issues.jsonl
time=2026-01-17T12:10:35.419-08:00 level=INFO msg="Import triggered by file change"
time=2026-01-17T12:10:35.419-08:00 level=INFO msg="Starting %s..." !BADKEY=auto-import
time=2026-01-17T12:10:35.420-08:00 level=INFO msg="Skipping %s: JSONL content unchanged" !BADKEY=auto-import
time=2026-01-17T12:11:12.222-08:00 level=INFO msg="JSONL removed/renamed, re-establishing watch"
time=2026-01-17T12:11:12.274-08:00 level=INFO msg="Successfully re-established JSONL watch after %v" !BADKEY=50ms
time=2026-01-17T12:11:12.274-08:00 level=INFO msg="JSONL file created: %s" !BADKEY=/Users/willem/Development/reviewbuddy/.beads/issues.jsonl
time=2026-01-17T12:11:13.276-08:00 level=INFO msg="Import triggered by file change"
time=2026-01-17T12:11:13.276-08:00 level=INFO msg="Starting %s..." !BADKEY=auto-import
time=2026-01-17T12:11:13.277-08:00 level=INFO msg="Skipping %s: JSONL content unchanged" !BADKEY=auto-import
time=2026-01-17T12:11:26.176-08:00 level=INFO msg="Mutation detected: %s %s" status=reviewbuddy-692
time=2026-01-17T12:11:26.677-08:00 level=INFO msg="Export triggered by mutation events"
time=2026-01-17T12:11:26.677-08:00 level=INFO msg="Starting %s..." !BADKEY=export
time=2026-01-17T12:11:26.678-08:00 level=INFO msg="Exported to JSONL"
time=2026-01-17T12:11:26.678-08:00 level=INFO msg="JSONL removed/renamed, re-establishing watch"
time=2026-01-17T12:11:26.679-08:00 level=INFO msg="Export complete"
time=2026-01-17T12:11:26.729-08:00 level=INFO msg="Successfully re-established JSONL watch after %v" !BADKEY=50ms
time=2026-01-17T12:11:26.729-08:00 level=INFO msg="JSONL file created: %s" !BADKEY=/Users/willem/Development/reviewbuddy/.beads/issues.jsonl
time=2026-01-17T12:11:27.731-08:00 level=INFO msg="Import triggered by file change"
time=2026-01-17T12:11:27.731-08:00 level=INFO msg="Starting %s..." !BADKEY=auto-import
time=2026-01-17T12:11:27.732-08:00 level=INFO msg="Skipping %s: JSONL content unchanged" !BADKEY=auto-import
time=2026-02-15T09:39:35.310-08:00 level=INFO msg="Received signal %v, shutting down..." !BADKEY=terminated
